2023-02-13 14:51:28,130 [main] INFO  [com.alibaba.nacos.client.env.SearchableProperties] SearchableProperties.java:197 - properties search order:PROPERTIES->JVM->ENV->DEFAULT_SETTING
2023-02-13 14:51:28,140 [main] WARN  [com.alibaba.nacos.client.logging.NacosLogging] NacosLogging.java:64 - Load Logback Configuration of Nacos fail, message: org/slf4j/impl/StaticLoggerBinder
2023-02-13 14:51:28,144 [main] WARN  [com.alibaba.nacos.client.logging.NacosLogging] NacosLogging.java:64 - Load Logback Configuration of Nacos fail, message: org/slf4j/impl/StaticLoggerBinder
2023-02-13 14:51:28,645 [main] WARN  [com.alibaba.nacos.client.logging.NacosLogging] NacosLogging.java:64 - Load Logback Configuration of Nacos fail, message: org/slf4j/impl/StaticLoggerBinder
2023-02-13 14:51:28,645 [main] INFO  [com.alibaba.nacos.client.env.SearchableProperties] SearchableProperties.java:197 - properties search order:PROPERTIES->JVM->ENV->DEFAULT_SETTING
2023-02-13 14:51:28,647 [main] INFO  [com.alibaba.nacos.client.utils.ParamUtil] ParamUtil.java:87 - [settings] [req-serv] nacos-server port:8848
2023-02-13 14:51:28,648 [main] INFO  [com.alibaba.nacos.client.utils.ParamUtil] ParamUtil.java:98 - [settings] [http-client] connect timeout:1000
2023-02-13 14:51:28,650 [main] INFO  [com.alibaba.nacos.client.utils.ParamUtil] ParamUtil.java:105 - PER_TASK_CONFIG_SIZE: 3000.0
2023-02-13 14:51:28,711 [main] INFO  [c.a.n.p.auth.spi.client.ClientAuthPluginManager] ClientAuthPluginManager.java:56 - [ClientAuthPluginManager] Load ClientAuthService com.alibaba.nacos.client.auth.impl.NacosClientAuthServiceImpl success.
2023-02-13 14:51:28,713 [main] INFO  [c.a.n.p.auth.spi.client.ClientAuthPluginManager] ClientAuthPluginManager.java:56 - [ClientAuthPluginManager] Load ClientAuthService com.alibaba.nacos.client.auth.ram.RamClientAuthServiceImpl success.
2023-02-13 14:51:28,748 [main] INFO  [c.a.n.client.auth.ram.identify.CredentialWatcher] CredentialWatcher.java:165 - null No credential found
2023-02-13 14:51:28,921 [main] WARN  [com.alibaba.nacos.client.logging.NacosLogging] NacosLogging.java:64 - Load Logback Configuration of Nacos fail, message: org/slf4j/impl/StaticLoggerBinder
2023-02-13 14:51:28,922 [main] WARN  [com.alibaba.nacos.client.logging.NacosLogging] NacosLogging.java:64 - Load Logback Configuration of Nacos fail, message: org/slf4j/impl/StaticLoggerBinder
2023-02-13 14:51:28,947 [main] INFO  [c.a.n.client.config.impl.LocalConfigInfoProcessor] LocalConfigInfoProcessor.java:68 - LOCAL_SNAPSHOT_PATH:/Users/lxue/nacos/config
2023-02-13 14:51:28,952 [main] INFO  [com.alibaba.nacos.common.remote.client] RpcClientFactory.java:94 - [RpcClientFactory] create a new rpc client of 2a12516e-b395-4194-bbde-5a6b953805ed_config-0
2023-02-13 14:51:28,972 [main] INFO  [com.alibaba.nacos.common.remote.client] LoggerUtils.java:60 - [2a12516e-b395-4194-bbde-5a6b953805ed_config-0] Register server push request handler:com.alibaba.nacos.client.config.impl.ClientWorker$ConfigRpcTransportClient$$Lambda$856/0x0000000800f83308
2023-02-13 14:51:28,972 [main] INFO  [com.alibaba.nacos.common.remote.client] LoggerUtils.java:60 - [2a12516e-b395-4194-bbde-5a6b953805ed_config-0] Register server push request handler:com.alibaba.nacos.client.config.impl.ClientWorker$ConfigRpcTransportClient$$Lambda$857/0x0000000800f83738
2023-02-13 14:51:28,973 [main] INFO  [com.alibaba.nacos.common.remote.client] LoggerUtils.java:60 - [2a12516e-b395-4194-bbde-5a6b953805ed_config-0] Registry connection listener to current client:com.alibaba.nacos.client.config.impl.ClientWorker$ConfigRpcTransportClient$1
2023-02-13 14:51:28,974 [main] INFO  [com.alibaba.nacos.common.remote.client] LoggerUtils.java:60 - [2a12516e-b395-4194-bbde-5a6b953805ed_config-0] RpcClient init, ServerListFactory = com.alibaba.nacos.client.config.impl.ClientWorker$ConfigRpcTransportClient$2
2023-02-13 14:51:28,983 [main] INFO  [com.alibaba.nacos.common.remote.client] LoggerUtils.java:60 - [2a12516e-b395-4194-bbde-5a6b953805ed_config-0] Try to connect to server on start up, server: {serverIp = 'nas.titxu.com', server main port = 8848}
2023-02-13 14:51:29,975 [main] INFO  [com.alibaba.nacos.common.remote.client] LoggerUtils.java:60 - [2a12516e-b395-4194-bbde-5a6b953805ed_config-0] Success to connect to server [nas.titxu.com:8848] on start up, connectionId = 1676271089805_10.0.0.10_57474
2023-02-13 14:51:29,977 [main] INFO  [com.alibaba.nacos.common.remote.client] LoggerUtils.java:60 - [2a12516e-b395-4194-bbde-5a6b953805ed_config-0] Register server push request handler:com.alibaba.nacos.common.remote.client.RpcClient$ConnectResetRequestHandler
2023-02-13 14:51:29,976 [com.alibaba.nacos.client.remote.worker] INFO  [com.alibaba.nacos.common.remote.client] LoggerUtils.java:60 - [2a12516e-b395-4194-bbde-5a6b953805ed_config-0] Notify connected event to listeners.
2023-02-13 14:51:29,977 [com.alibaba.nacos.client.remote.worker] INFO  [com.alibaba.nacos.client.config.impl.ClientWorker] ClientWorker.java:638 - [2a12516e-b395-4194-bbde-5a6b953805ed_config-0] Connected,notify listen context...
2023-02-13 14:51:29,978 [main] INFO  [com.alibaba.nacos.common.remote.client] LoggerUtils.java:60 - [2a12516e-b395-4194-bbde-5a6b953805ed_config-0] Register server push request handler:com.alibaba.nacos.common.remote.client.RpcClient$$Lambda$876/0x00000008010b3d18
2023-02-13 14:51:30,042 [main] INFO  [com.alibaba.nacos.client.config.impl.Limiter] Limiter.java:62 - limitTime:5.0
2023-02-13 14:51:30,067 [main] INFO  [com.alibaba.nacos.client.config.utils.JvmUtil] JvmUtil.java:54 - isMultiInstance:false
2023-02-13 14:51:30,095 [main] WARN  [c.a.cloud.nacos.client.NacosPropertySourceBuilder] NacosPropertySourceBuilder.java:87 - Ignore the empty nacos configuration and get it based on dataId[titxu-wechat-server.yaml] & group[DEFAULT_GROUP]
2023-02-13 14:51:30,098 [main] INFO  [o.s.c.b.c.PropertySourceBootstrapConfiguration] PropertySourceBootstrapConfiguration.java:108 - Located property source: [BootstrapPropertySource {name='bootstrapProperties-titxu-wechat-server.yaml,DEFAULT_GROUP'}, BootstrapPropertySource {name='bootstrapProperties-titxu-wechat-server,DEFAULT_GROUP'}]
2023-02-13 14:51:30,122 [main] INFO  [c.t.cloud.wechat.infrastructure.kafka.TestProducer] SpringApplication.java:630 - No active profile set, falling back to 1 default profile: "default"
2023-02-13 14:51:31,307 [main] INFO  [o.springframework.cloud.context.scope.GenericScope] GenericScope.java:282 - BeanFactory id=37b05b39-e1bb-36ee-b486-230d7dde709e
2023-02-13 14:51:31,454 [main] INFO  [o.s.c.s.PostProcessorRegistrationDelegate$BeanPostProcessorChecker] PostProcessorRegistrationDelegate.java:409 - Bean 'com.titxu.cloud.wechat.infrastructure.feign.wechat.RemoteWechatService' of type [org.springframework.cloud.openfeign.FeignClientFactoryBean] is not eligible for getting processed by all BeanPostProcessors (for example: not eligible for auto-proxying)
2023-02-13 14:51:33,154 [main] WARN  [o.s.c.l.c.LoadBalancerCacheAutoConfiguration$LoadBalancerCaffeineWarnLogger] LoadBalancerCacheAutoConfiguration.java:81 - Spring Cloud LoadBalancer is currently working with the default cache. While this cache implementation is useful for development and tests, it's recommended to use Caffeine cache in production.You can switch to using Caffeine cache, by adding it and org.springframework.cache.caffeine.CaffeineCacheManager to the classpath.
2023-02-13 14:51:33,173 [main] INFO  [o.s.b.actuate.endpoint.web.EndpointLinksResolver] EndpointLinksResolver.java:58 - Exposing 1 endpoint(s) beneath base path '/actuator'
2023-02-13 14:51:33,481 [main] INFO  [org.apache.kafka.clients.consumer.ConsumerConfig] AbstractConfig.java:376 - ConsumerConfig values: 
	allow.auto.create.topics = true
	auto.commit.interval.ms = 5000
	auto.offset.reset = latest
	bootstrap.servers = [nas.titxu.com:9092]
	check.crcs = true
	client.dns.lookup = use_all_dns_ips
	client.id = consumer-test-consumer-group-1
	client.rack = 
	connections.max.idle.ms = 540000
	default.api.timeout.ms = 60000
	enable.auto.commit = false
	exclude.internal.topics = true
	fetch.max.bytes = 52428800
	fetch.max.wait.ms = 500
	fetch.min.bytes = 1
	group.id = test-consumer-group
	group.instance.id = null
	heartbeat.interval.ms = 3000
	interceptor.classes = []
	internal.leave.group.on.close = true
	internal.throw.on.fetch.stable.offset.unsupported = false
	isolation.level = read_uncommitted
	key.deserializer = class org.apache.kafka.common.serialization.StringDeserializer
	max.partition.fetch.bytes = 1048576
	max.poll.interval.ms = 300000
	max.poll.records = 500
	metadata.max.age.ms = 300000
	metric.reporters = []
	metrics.num.samples = 2
	metrics.recording.level = INFO
	metrics.sample.window.ms = 30000
	partition.assignment.strategy = [class org.apache.kafka.clients.consumer.RangeAssignor, class org.apache.kafka.clients.consumer.CooperativeStickyAssignor]
	receive.buffer.bytes = 65536
	reconnect.backoff.max.ms = 1000
	reconnect.backoff.ms = 50
	request.timeout.ms = 30000
	retry.backoff.ms = 100
	sasl.client.callback.handler.class = null
	sasl.jaas.config = null
	sasl.kerberos.kinit.cmd = /usr/bin/kinit
	sasl.kerberos.min.time.before.relogin = 60000
	sasl.kerberos.service.name = null
	sasl.kerberos.ticket.renew.jitter = 0.05
	sasl.kerberos.ticket.renew.window.factor = 0.8
	sasl.login.callback.handler.class = null
	sasl.login.class = null
	sasl.login.connect.timeout.ms = null
	sasl.login.read.timeout.ms = null
	sasl.login.refresh.buffer.seconds = 300
	sasl.login.refresh.min.period.seconds = 60
	sasl.login.refresh.window.factor = 0.8
	sasl.login.refresh.window.jitter = 0.05
	sasl.login.retry.backoff.max.ms = 10000
	sasl.login.retry.backoff.ms = 100
	sasl.mechanism = GSSAPI
	sasl.oauthbearer.clock.skew.seconds = 30
	sasl.oauthbearer.expected.audience = null
	sasl.oauthbearer.expected.issuer = null
	sasl.oauthbearer.jwks.endpoint.refresh.ms = 3600000
	sasl.oauthbearer.jwks.endpoint.retry.backoff.max.ms = 10000
	sasl.oauthbearer.jwks.endpoint.retry.backoff.ms = 100
	sasl.oauthbearer.jwks.endpoint.url = null
	sasl.oauthbearer.scope.claim.name = scope
	sasl.oauthbearer.sub.claim.name = sub
	sasl.oauthbearer.token.endpoint.url = null
	security.protocol = PLAINTEXT
	security.providers = null
	send.buffer.bytes = 131072
	session.timeout.ms = 45000
	socket.connection.setup.timeout.max.ms = 30000
	socket.connection.setup.timeout.ms = 10000
	ssl.cipher.suites = null
	ssl.enabled.protocols = [TLSv1.2, TLSv1.3]
	ssl.endpoint.identification.algorithm = https
	ssl.engine.factory.class = null
	ssl.key.password = null
	ssl.keymanager.algorithm = SunX509
	ssl.keystore.certificate.chain = null
	ssl.keystore.key = null
	ssl.keystore.location = null
	ssl.keystore.password = null
	ssl.keystore.type = JKS
	ssl.protocol = TLSv1.3
	ssl.provider = null
	ssl.secure.random.implementation = null
	ssl.trustmanager.algorithm = PKIX
	ssl.truststore.certificates = null
	ssl.truststore.location = null
	ssl.truststore.password = null
	ssl.truststore.type = JKS
	value.deserializer = class org.apache.kafka.common.serialization.StringDeserializer

2023-02-13 14:51:33,708 [main] INFO  [org.apache.kafka.common.utils.AppInfoParser] AppInfoParser.java:119 - Kafka version: 3.3.1
2023-02-13 14:51:33,709 [main] INFO  [org.apache.kafka.common.utils.AppInfoParser] AppInfoParser.java:120 - Kafka commitId: e23c59d00e687ff5
2023-02-13 14:51:33,710 [main] INFO  [org.apache.kafka.common.utils.AppInfoParser] AppInfoParser.java:121 - Kafka startTimeMs: 1676271093706
2023-02-13 14:51:33,770 [main] INFO  [org.apache.kafka.clients.consumer.KafkaConsumer] KafkaConsumer.java:973 - [Consumer clientId=consumer-test-consumer-group-1, groupId=test-consumer-group] Subscribed to topic(s): wechat-events
2023-02-13 14:51:33,810 [main] INFO  [c.t.cloud.wechat.infrastructure.kafka.TestProducer] StartupInfoLogger.java:57 - Started TestProducer in 6.57 seconds (process running for 8.43)
2023-02-13 14:51:33,816 [main] INFO  [com.alibaba.nacos.client.config.impl.CacheData] CacheData.java:67 - nacos.cache.data.init.snapshot = true 
2023-02-13 14:51:33,816 [main] INFO  [com.alibaba.nacos.client.config.impl.ClientWorker] ClientWorker.java:379 - [fixed-nas.titxu.com_8848] [subscribe] titxu-wechat-server.yaml+DEFAULT_GROUP
2023-02-13 14:51:33,833 [main] INFO  [com.alibaba.nacos.client.config.impl.CacheData] CacheData.java:197 - [fixed-nas.titxu.com_8848] [add-listener] ok, tenant=, dataId=titxu-wechat-server.yaml, group=DEFAULT_GROUP, cnt=1
2023-02-13 14:51:33,834 [main] INFO  [c.a.cloud.nacos.refresh.NacosContextRefresher] NacosContextRefresher.java:129 - [Nacos Config] Listening config: dataId=titxu-wechat-server.yaml, group=DEFAULT_GROUP
2023-02-13 14:51:33,836 [main] INFO  [com.alibaba.nacos.client.config.impl.ClientWorker] ClientWorker.java:379 - [fixed-nas.titxu.com_8848] [subscribe] titxu-wechat-server+DEFAULT_GROUP
2023-02-13 14:51:33,837 [main] INFO  [com.alibaba.nacos.client.config.impl.CacheData] CacheData.java:197 - [fixed-nas.titxu.com_8848] [add-listener] ok, tenant=, dataId=titxu-wechat-server, group=DEFAULT_GROUP, cnt=1
2023-02-13 14:51:33,838 [main] INFO  [c.a.cloud.nacos.refresh.NacosContextRefresher] NacosContextRefresher.java:129 - [Nacos Config] Listening config: dataId=titxu-wechat-server, group=DEFAULT_GROUP
2023-02-13 14:51:34,230 [org.springframework.kafka.KafkaListenerEndpointContainer#0-0-C-1] INFO  [org.apache.kafka.clients.Metadata] Metadata.java:402 - [Consumer clientId=consumer-test-consumer-group-1, groupId=test-consumer-group] Resetting the last seen epoch of partition wechat-events-0 to 0 since the associated topicId changed from null to szuFvbHpTQSpOv8KSe1eZw
2023-02-13 14:51:34,233 [org.springframework.kafka.KafkaListenerEndpointContainer#0-0-C-1] INFO  [org.apache.kafka.clients.Metadata] Metadata.java:287 - [Consumer clientId=consumer-test-consumer-group-1, groupId=test-consumer-group] Cluster ID: sphLHE2bT0KWfLISelqKlw
2023-02-13 14:51:34,236 [org.springframework.kafka.KafkaListenerEndpointContainer#0-0-C-1] INFO  [o.a.k.c.consumer.internals.ConsumerCoordinator] AbstractCoordinator.java:900 - [Consumer clientId=consumer-test-consumer-group-1, groupId=test-consumer-group] Discovered group coordinator nas.titxu.com:9092 (id: 2147483646 rack: null)
2023-02-13 14:51:34,241 [org.springframework.kafka.KafkaListenerEndpointContainer#0-0-C-1] INFO  [o.a.k.c.consumer.internals.ConsumerCoordinator] AbstractCoordinator.java:566 - [Consumer clientId=consumer-test-consumer-group-1, groupId=test-consumer-group] (Re-)joining group
2023-02-13 14:51:34,266 [org.springframework.kafka.KafkaListenerEndpointContainer#0-0-C-1] INFO  [o.a.k.c.consumer.internals.ConsumerCoordinator] AbstractCoordinator.java:1066 - [Consumer clientId=consumer-test-consumer-group-1, groupId=test-consumer-group] Request joining group due to: need to re-join with the given member-id: consumer-test-consumer-group-1-8ed53e4d-da11-493a-a9ca-b03775ba4c3d
2023-02-13 14:51:34,267 [org.springframework.kafka.KafkaListenerEndpointContainer#0-0-C-1] INFO  [o.a.k.c.consumer.internals.ConsumerCoordinator] AbstractCoordinator.java:1066 - [Consumer clientId=consumer-test-consumer-group-1, groupId=test-consumer-group] Request joining group due to: rebalance failed due to 'The group member needs to have a valid member id before actually entering a consumer group.' (MemberIdRequiredException)
2023-02-13 14:51:34,267 [org.springframework.kafka.KafkaListenerEndpointContainer#0-0-C-1] INFO  [o.a.k.c.consumer.internals.ConsumerCoordinator] AbstractCoordinator.java:566 - [Consumer clientId=consumer-test-consumer-group-1, groupId=test-consumer-group] (Re-)joining group
2023-02-13 14:51:34,663 [main] INFO  [org.apache.kafka.clients.producer.ProducerConfig] ProducerConfig.java:526 - Idempotence will be disabled because acks is set to 1, not set to 'all'.
2023-02-13 14:51:34,664 [main] INFO  [org.apache.kafka.clients.producer.ProducerConfig] AbstractConfig.java:376 - ProducerConfig values: 
	acks = 1
	batch.size = 16384
	bootstrap.servers = [nas.titxu.com:9092]
	buffer.memory = 33554432
	client.dns.lookup = use_all_dns_ips
	client.id = producer-1
	compression.type = none
	connections.max.idle.ms = 540000
	delivery.timeout.ms = 120000
	enable.idempotence = false
	interceptor.classes = []
	key.serializer = class org.apache.kafka.common.serialization.StringSerializer
	linger.ms = 0
	max.block.ms = 60000
	max.in.flight.requests.per.connection = 5
	max.request.size = 1048576
	metadata.max.age.ms = 300000
	metadata.max.idle.ms = 300000
	metric.reporters = []
	metrics.num.samples = 2
	metrics.recording.level = INFO
	metrics.sample.window.ms = 30000
	partitioner.adaptive.partitioning.enable = true
	partitioner.availability.timeout.ms = 0
	partitioner.class = null
	partitioner.ignore.keys = false
	receive.buffer.bytes = 32768
	reconnect.backoff.max.ms = 1000
	reconnect.backoff.ms = 50
	request.timeout.ms = 30000
	retries = 1
	retry.backoff.ms = 100
	sasl.client.callback.handler.class = null
	sasl.jaas.config = null
	sasl.kerberos.kinit.cmd = /usr/bin/kinit
	sasl.kerberos.min.time.before.relogin = 60000
	sasl.kerberos.service.name = null
	sasl.kerberos.ticket.renew.jitter = 0.05
	sasl.kerberos.ticket.renew.window.factor = 0.8
	sasl.login.callback.handler.class = null
	sasl.login.class = null
	sasl.login.connect.timeout.ms = null
	sasl.login.read.timeout.ms = null
	sasl.login.refresh.buffer.seconds = 300
	sasl.login.refresh.min.period.seconds = 60
	sasl.login.refresh.window.factor = 0.8
	sasl.login.refresh.window.jitter = 0.05
	sasl.login.retry.backoff.max.ms = 10000
	sasl.login.retry.backoff.ms = 100
	sasl.mechanism = GSSAPI
	sasl.oauthbearer.clock.skew.seconds = 30
	sasl.oauthbearer.expected.audience = null
	sasl.oauthbearer.expected.issuer = null
	sasl.oauthbearer.jwks.endpoint.refresh.ms = 3600000
	sasl.oauthbearer.jwks.endpoint.retry.backoff.max.ms = 10000
	sasl.oauthbearer.jwks.endpoint.retry.backoff.ms = 100
	sasl.oauthbearer.jwks.endpoint.url = null
	sasl.oauthbearer.scope.claim.name = scope
	sasl.oauthbearer.sub.claim.name = sub
	sasl.oauthbearer.token.endpoint.url = null
	security.protocol = PLAINTEXT
	security.providers = null
	send.buffer.bytes = 131072
	socket.connection.setup.timeout.max.ms = 30000
	socket.connection.setup.timeout.ms = 10000
	ssl.cipher.suites = null
	ssl.enabled.protocols = [TLSv1.2, TLSv1.3]
	ssl.endpoint.identification.algorithm = https
	ssl.engine.factory.class = null
	ssl.key.password = null
	ssl.keymanager.algorithm = SunX509
	ssl.keystore.certificate.chain = null
	ssl.keystore.key = null
	ssl.keystore.location = null
	ssl.keystore.password = null
	ssl.keystore.type = JKS
	ssl.protocol = TLSv1.3
	ssl.provider = null
	ssl.secure.random.implementation = null
	ssl.trustmanager.algorithm = PKIX
	ssl.truststore.certificates = null
	ssl.truststore.location = null
	ssl.truststore.password = null
	ssl.truststore.type = JKS
	transaction.timeout.ms = 60000
	transactional.id = null
	value.serializer = class org.apache.kafka.common.serialization.StringSerializer

2023-02-13 14:51:34,694 [main] INFO  [org.apache.kafka.common.utils.AppInfoParser] AppInfoParser.java:119 - Kafka version: 3.3.1
2023-02-13 14:51:34,695 [main] INFO  [org.apache.kafka.common.utils.AppInfoParser] AppInfoParser.java:120 - Kafka commitId: e23c59d00e687ff5
2023-02-13 14:51:34,695 [main] INFO  [org.apache.kafka.common.utils.AppInfoParser] AppInfoParser.java:121 - Kafka startTimeMs: 1676271094694
2023-02-13 14:51:34,713 [kafka-producer-network-thread | producer-1] WARN  [org.apache.kafka.clients.NetworkClient] NetworkClient.java:1105 - [Producer clientId=producer-1] Error while fetching metadata with correlation id 1 : {quickstart-events=UNKNOWN_TOPIC_OR_PARTITION}
2023-02-13 14:51:34,714 [kafka-producer-network-thread | producer-1] INFO  [org.apache.kafka.clients.Metadata] Metadata.java:287 - [Producer clientId=producer-1] Cluster ID: sphLHE2bT0KWfLISelqKlw
2023-02-13 14:51:34,826 [kafka-producer-network-thread | producer-1] INFO  [org.apache.kafka.clients.Metadata] Metadata.java:402 - [Producer clientId=producer-1] Resetting the last seen epoch of partition quickstart-events-0 to 0 since the associated topicId changed from null to LSWKne72QRK6Q8PhG6eBuQ
2023-02-13 14:51:34,992 [main] INFO  [c.t.cloud.wechat.infrastructure.kafka.TestProducer] TestProducer.java:24 - 发送成功SendResult [producerRecord=ProducerRecord(topic=quickstart-events, partition=null, headers=RecordHeaders(headers = [], isReadOnly = true), key=null, value=test msg, timestamp=null), recordMetadata=quickstart-events-0@0]
2023-02-13 14:51:35,026 [Thread-1] WARN  [c.alibaba.nacos.common.http.HttpClientBeanHolder] HttpClientBeanHolder.java:102 - [HttpClientBeanHolder] Start destroying common HttpClient
2023-02-13 14:51:35,026 [Thread-7] WARN  [com.alibaba.nacos.common.notify.NotifyCenter] NotifyCenter.java:136 - [NotifyCenter] Start destroying Publisher
2023-02-13 14:51:35,027 [Thread-1] WARN  [c.alibaba.nacos.common.http.HttpClientBeanHolder] HttpClientBeanHolder.java:111 - [HttpClientBeanHolder] Destruction of the end
2023-02-13 14:51:35,027 [Thread-7] WARN  [com.alibaba.nacos.common.notify.NotifyCenter] NotifyCenter.java:153 - [NotifyCenter] Destruction of the end
2023-02-13 14:51:35,031 [org.springframework.kafka.KafkaListenerEndpointContainer#0-0-C-1] INFO  [o.a.k.c.consumer.internals.ConsumerCoordinator] AbstractCoordinator.java:1127 - [Consumer clientId=consumer-test-consumer-group-1, groupId=test-consumer-group] Member consumer-test-consumer-group-1-8ed53e4d-da11-493a-a9ca-b03775ba4c3d sending LeaveGroup request to coordinator nas.titxu.com:9092 (id: 2147483646 rack: null) due to the consumer unsubscribed from all topics
2023-02-13 14:51:35,033 [org.springframework.kafka.KafkaListenerEndpointContainer#0-0-C-1] INFO  [o.a.k.c.consumer.internals.ConsumerCoordinator] AbstractCoordinator.java:1019 - [Consumer clientId=consumer-test-consumer-group-1, groupId=test-consumer-group] Resetting generation and member id due to: consumer pro-actively leaving the group
2023-02-13 14:51:35,033 [org.springframework.kafka.KafkaListenerEndpointContainer#0-0-C-1] INFO  [o.a.k.c.consumer.internals.ConsumerCoordinator] AbstractCoordinator.java:1066 - [Consumer clientId=consumer-test-consumer-group-1, groupId=test-consumer-group] Request joining group due to: consumer pro-actively leaving the group
2023-02-13 14:51:35,033 [org.springframework.kafka.KafkaListenerEndpointContainer#0-0-C-1] INFO  [org.apache.kafka.clients.consumer.KafkaConsumer] KafkaConsumer.java:1082 - [Consumer clientId=consumer-test-consumer-group-1, groupId=test-consumer-group] Unsubscribed all topics or patterns and assigned partitions
2023-02-13 14:51:35,035 [org.springframework.kafka.KafkaListenerEndpointContainer#0-0-C-1] INFO  [o.a.k.c.consumer.internals.ConsumerCoordinator] AbstractCoordinator.java:1019 - [Consumer clientId=consumer-test-consumer-group-1, groupId=test-consumer-group] Resetting generation and member id due to: consumer pro-actively leaving the group
2023-02-13 14:51:35,036 [org.springframework.kafka.KafkaListenerEndpointContainer#0-0-C-1] INFO  [o.a.k.c.consumer.internals.ConsumerCoordinator] AbstractCoordinator.java:1066 - [Consumer clientId=consumer-test-consumer-group-1, groupId=test-consumer-group] Request joining group due to: consumer pro-actively leaving the group
2023-02-13 14:51:36,661 [org.springframework.kafka.KafkaListenerEndpointContainer#0-0-C-1] INFO  [org.apache.kafka.common.metrics.Metrics] Metrics.java:693 - Metrics scheduler closed
2023-02-13 14:51:36,662 [org.springframework.kafka.KafkaListenerEndpointContainer#0-0-C-1] INFO  [org.apache.kafka.common.metrics.Metrics] Metrics.java:697 - Closing reporter org.apache.kafka.common.metrics.JmxReporter
2023-02-13 14:51:36,663 [org.springframework.kafka.KafkaListenerEndpointContainer#0-0-C-1] INFO  [org.apache.kafka.common.metrics.Metrics] Metrics.java:703 - Metrics reporters closed
2023-02-13 14:51:36,677 [org.springframework.kafka.KafkaListenerEndpointContainer#0-0-C-1] INFO  [org.apache.kafka.common.utils.AppInfoParser] AppInfoParser.java:83 - App info kafka.consumer for consumer-test-consumer-group-1 unregistered
2023-02-13 14:51:36,678 [org.springframework.kafka.KafkaListenerEndpointContainer#0-0-C-1] INFO  [o.s.kafka.listener.KafkaMessageListenerContainer] LogAccessor.java:292 - test-consumer-group: Consumer stopped
2023-02-13 14:51:36,683 [SpringApplicationShutdownHook] INFO  [org.apache.kafka.clients.producer.KafkaProducer] KafkaProducer.java:1297 - [Producer clientId=producer-1] Closing the Kafka producer with timeoutMillis = 30000 ms.
2023-02-13 14:51:36,687 [SpringApplicationShutdownHook] INFO  [org.apache.kafka.common.metrics.Metrics] Metrics.java:693 - Metrics scheduler closed
2023-02-13 14:51:36,687 [SpringApplicationShutdownHook] INFO  [org.apache.kafka.common.metrics.Metrics] Metrics.java:697 - Closing reporter org.apache.kafka.common.metrics.JmxReporter
2023-02-13 14:51:36,687 [SpringApplicationShutdownHook] INFO  [org.apache.kafka.common.metrics.Metrics] Metrics.java:703 - Metrics reporters closed
2023-02-13 14:51:36,688 [SpringApplicationShutdownHook] INFO  [org.apache.kafka.common.utils.AppInfoParser] AppInfoParser.java:83 - App info kafka.producer for producer-1 unregistered
2023-02-13 14:51:48,344 [main] INFO  [com.alibaba.nacos.client.env.SearchableProperties] SearchableProperties.java:197 - properties search order:PROPERTIES->JVM->ENV->DEFAULT_SETTING
2023-02-13 14:51:48,350 [main] WARN  [com.alibaba.nacos.client.logging.NacosLogging] NacosLogging.java:64 - Load Logback Configuration of Nacos fail, message: org/slf4j/impl/StaticLoggerBinder
2023-02-13 14:51:48,355 [main] WARN  [com.alibaba.nacos.client.logging.NacosLogging] NacosLogging.java:64 - Load Logback Configuration of Nacos fail, message: org/slf4j/impl/StaticLoggerBinder
2023-02-13 14:51:48,876 [main] WARN  [com.alibaba.nacos.client.logging.NacosLogging] NacosLogging.java:64 - Load Logback Configuration of Nacos fail, message: org/slf4j/impl/StaticLoggerBinder
2023-02-13 14:51:48,877 [main] INFO  [com.alibaba.nacos.client.env.SearchableProperties] SearchableProperties.java:197 - properties search order:PROPERTIES->JVM->ENV->DEFAULT_SETTING
2023-02-13 14:51:48,882 [main] INFO  [com.alibaba.nacos.client.utils.ParamUtil] ParamUtil.java:87 - [settings] [req-serv] nacos-server port:8848
2023-02-13 14:51:48,883 [main] INFO  [com.alibaba.nacos.client.utils.ParamUtil] ParamUtil.java:98 - [settings] [http-client] connect timeout:1000
2023-02-13 14:51:48,888 [main] INFO  [com.alibaba.nacos.client.utils.ParamUtil] ParamUtil.java:105 - PER_TASK_CONFIG_SIZE: 3000.0
2023-02-13 14:51:48,967 [main] INFO  [c.a.n.p.auth.spi.client.ClientAuthPluginManager] ClientAuthPluginManager.java:56 - [ClientAuthPluginManager] Load ClientAuthService com.alibaba.nacos.client.auth.impl.NacosClientAuthServiceImpl success.
2023-02-13 14:51:48,968 [main] INFO  [c.a.n.p.auth.spi.client.ClientAuthPluginManager] ClientAuthPluginManager.java:56 - [ClientAuthPluginManager] Load ClientAuthService com.alibaba.nacos.client.auth.ram.RamClientAuthServiceImpl success.
2023-02-13 14:51:49,004 [main] INFO  [c.a.n.client.auth.ram.identify.CredentialWatcher] CredentialWatcher.java:165 - null No credential found
2023-02-13 14:51:49,144 [main] WARN  [com.alibaba.nacos.client.logging.NacosLogging] NacosLogging.java:64 - Load Logback Configuration of Nacos fail, message: org/slf4j/impl/StaticLoggerBinder
2023-02-13 14:51:49,145 [main] WARN  [com.alibaba.nacos.client.logging.NacosLogging] NacosLogging.java:64 - Load Logback Configuration of Nacos fail, message: org/slf4j/impl/StaticLoggerBinder
2023-02-13 14:51:49,178 [main] INFO  [c.a.n.client.config.impl.LocalConfigInfoProcessor] LocalConfigInfoProcessor.java:68 - LOCAL_SNAPSHOT_PATH:/Users/lxue/nacos/config
2023-02-13 14:51:49,183 [main] INFO  [com.alibaba.nacos.common.remote.client] RpcClientFactory.java:94 - [RpcClientFactory] create a new rpc client of 880b9603-fec9-4a58-8e3a-2c1b56c078ec_config-0
2023-02-13 14:51:49,210 [main] INFO  [com.alibaba.nacos.common.remote.client] LoggerUtils.java:60 - [880b9603-fec9-4a58-8e3a-2c1b56c078ec_config-0] Register server push request handler:com.alibaba.nacos.client.config.impl.ClientWorker$ConfigRpcTransportClient$$Lambda$856/0x0000000800f81440
2023-02-13 14:51:49,211 [main] INFO  [com.alibaba.nacos.common.remote.client] LoggerUtils.java:60 - [880b9603-fec9-4a58-8e3a-2c1b56c078ec_config-0] Register server push request handler:com.alibaba.nacos.client.config.impl.ClientWorker$ConfigRpcTransportClient$$Lambda$857/0x0000000800f81870
2023-02-13 14:51:49,211 [main] INFO  [com.alibaba.nacos.common.remote.client] LoggerUtils.java:60 - [880b9603-fec9-4a58-8e3a-2c1b56c078ec_config-0] Registry connection listener to current client:com.alibaba.nacos.client.config.impl.ClientWorker$ConfigRpcTransportClient$1
2023-02-13 14:51:49,212 [main] INFO  [com.alibaba.nacos.common.remote.client] LoggerUtils.java:60 - [880b9603-fec9-4a58-8e3a-2c1b56c078ec_config-0] RpcClient init, ServerListFactory = com.alibaba.nacos.client.config.impl.ClientWorker$ConfigRpcTransportClient$2
2023-02-13 14:51:49,228 [main] INFO  [com.alibaba.nacos.common.remote.client] LoggerUtils.java:60 - [880b9603-fec9-4a58-8e3a-2c1b56c078ec_config-0] Try to connect to server on start up, server: {serverIp = 'nas.titxu.com', server main port = 8848}
2023-02-13 14:51:50,100 [main] INFO  [com.alibaba.nacos.common.remote.client] LoggerUtils.java:60 - [880b9603-fec9-4a58-8e3a-2c1b56c078ec_config-0] Success to connect to server [nas.titxu.com:8848] on start up, connectionId = 1676271109938_10.0.0.10_57495
2023-02-13 14:51:50,102 [com.alibaba.nacos.client.remote.worker] INFO  [com.alibaba.nacos.common.remote.client] LoggerUtils.java:60 - [880b9603-fec9-4a58-8e3a-2c1b56c078ec_config-0] Notify connected event to listeners.
2023-02-13 14:51:50,102 [com.alibaba.nacos.client.remote.worker] INFO  [com.alibaba.nacos.client.config.impl.ClientWorker] ClientWorker.java:638 - [880b9603-fec9-4a58-8e3a-2c1b56c078ec_config-0] Connected,notify listen context...
2023-02-13 14:51:50,102 [main] INFO  [com.alibaba.nacos.common.remote.client] LoggerUtils.java:60 - [880b9603-fec9-4a58-8e3a-2c1b56c078ec_config-0] Register server push request handler:com.alibaba.nacos.common.remote.client.RpcClient$ConnectResetRequestHandler
2023-02-13 14:51:50,103 [main] INFO  [com.alibaba.nacos.common.remote.client] LoggerUtils.java:60 - [880b9603-fec9-4a58-8e3a-2c1b56c078ec_config-0] Register server push request handler:com.alibaba.nacos.common.remote.client.RpcClient$$Lambda$876/0x00000008010b2180
2023-02-13 14:51:50,176 [main] INFO  [com.alibaba.nacos.client.config.impl.Limiter] Limiter.java:62 - limitTime:5.0
2023-02-13 14:51:50,205 [main] INFO  [com.alibaba.nacos.client.config.utils.JvmUtil] JvmUtil.java:54 - isMultiInstance:false
2023-02-13 14:51:50,235 [main] WARN  [c.a.cloud.nacos.client.NacosPropertySourceBuilder] NacosPropertySourceBuilder.java:87 - Ignore the empty nacos configuration and get it based on dataId[titxu-wechat-server.yaml] & group[DEFAULT_GROUP]
2023-02-13 14:51:50,236 [main] INFO  [o.s.c.b.c.PropertySourceBootstrapConfiguration] PropertySourceBootstrapConfiguration.java:108 - Located property source: [BootstrapPropertySource {name='bootstrapProperties-titxu-wechat-server.yaml,DEFAULT_GROUP'}, BootstrapPropertySource {name='bootstrapProperties-titxu-wechat-server,DEFAULT_GROUP'}]
2023-02-13 14:51:50,257 [main] INFO  [c.t.cloud.wechat.infrastructure.kafka.TestProducer] SpringApplication.java:630 - No active profile set, falling back to 1 default profile: "default"
2023-02-13 14:51:51,837 [main] INFO  [o.springframework.cloud.context.scope.GenericScope] GenericScope.java:282 - BeanFactory id=37b05b39-e1bb-36ee-b486-230d7dde709e
2023-02-13 14:51:51,989 [main] INFO  [o.s.c.s.PostProcessorRegistrationDelegate$BeanPostProcessorChecker] PostProcessorRegistrationDelegate.java:409 - Bean 'com.titxu.cloud.wechat.infrastructure.feign.wechat.RemoteWechatService' of type [org.springframework.cloud.openfeign.FeignClientFactoryBean] is not eligible for getting processed by all BeanPostProcessors (for example: not eligible for auto-proxying)
2023-02-13 14:51:53,695 [main] WARN  [o.s.c.l.c.LoadBalancerCacheAutoConfiguration$LoadBalancerCaffeineWarnLogger] LoadBalancerCacheAutoConfiguration.java:81 - Spring Cloud LoadBalancer is currently working with the default cache. While this cache implementation is useful for development and tests, it's recommended to use Caffeine cache in production.You can switch to using Caffeine cache, by adding it and org.springframework.cache.caffeine.CaffeineCacheManager to the classpath.
2023-02-13 14:51:53,715 [main] INFO  [o.s.b.actuate.endpoint.web.EndpointLinksResolver] EndpointLinksResolver.java:58 - Exposing 1 endpoint(s) beneath base path '/actuator'
2023-02-13 14:51:53,941 [main] INFO  [org.apache.kafka.clients.consumer.ConsumerConfig] AbstractConfig.java:376 - ConsumerConfig values: 
	allow.auto.create.topics = true
	auto.commit.interval.ms = 5000
	auto.offset.reset = latest
	bootstrap.servers = [nas.titxu.com:9092]
	check.crcs = true
	client.dns.lookup = use_all_dns_ips
	client.id = consumer-test-consumer-group-1
	client.rack = 
	connections.max.idle.ms = 540000
	default.api.timeout.ms = 60000
	enable.auto.commit = false
	exclude.internal.topics = true
	fetch.max.bytes = 52428800
	fetch.max.wait.ms = 500
	fetch.min.bytes = 1
	group.id = test-consumer-group
	group.instance.id = null
	heartbeat.interval.ms = 3000
	interceptor.classes = []
	internal.leave.group.on.close = true
	internal.throw.on.fetch.stable.offset.unsupported = false
	isolation.level = read_uncommitted
	key.deserializer = class org.apache.kafka.common.serialization.StringDeserializer
	max.partition.fetch.bytes = 1048576
	max.poll.interval.ms = 300000
	max.poll.records = 500
	metadata.max.age.ms = 300000
	metric.reporters = []
	metrics.num.samples = 2
	metrics.recording.level = INFO
	metrics.sample.window.ms = 30000
	partition.assignment.strategy = [class org.apache.kafka.clients.consumer.RangeAssignor, class org.apache.kafka.clients.consumer.CooperativeStickyAssignor]
	receive.buffer.bytes = 65536
	reconnect.backoff.max.ms = 1000
	reconnect.backoff.ms = 50
	request.timeout.ms = 30000
	retry.backoff.ms = 100
	sasl.client.callback.handler.class = null
	sasl.jaas.config = null
	sasl.kerberos.kinit.cmd = /usr/bin/kinit
	sasl.kerberos.min.time.before.relogin = 60000
	sasl.kerberos.service.name = null
	sasl.kerberos.ticket.renew.jitter = 0.05
	sasl.kerberos.ticket.renew.window.factor = 0.8
	sasl.login.callback.handler.class = null
	sasl.login.class = null
	sasl.login.connect.timeout.ms = null
	sasl.login.read.timeout.ms = null
	sasl.login.refresh.buffer.seconds = 300
	sasl.login.refresh.min.period.seconds = 60
	sasl.login.refresh.window.factor = 0.8
	sasl.login.refresh.window.jitter = 0.05
	sasl.login.retry.backoff.max.ms = 10000
	sasl.login.retry.backoff.ms = 100
	sasl.mechanism = GSSAPI
	sasl.oauthbearer.clock.skew.seconds = 30
	sasl.oauthbearer.expected.audience = null
	sasl.oauthbearer.expected.issuer = null
	sasl.oauthbearer.jwks.endpoint.refresh.ms = 3600000
	sasl.oauthbearer.jwks.endpoint.retry.backoff.max.ms = 10000
	sasl.oauthbearer.jwks.endpoint.retry.backoff.ms = 100
	sasl.oauthbearer.jwks.endpoint.url = null
	sasl.oauthbearer.scope.claim.name = scope
	sasl.oauthbearer.sub.claim.name = sub
	sasl.oauthbearer.token.endpoint.url = null
	security.protocol = PLAINTEXT
	security.providers = null
	send.buffer.bytes = 131072
	session.timeout.ms = 45000
	socket.connection.setup.timeout.max.ms = 30000
	socket.connection.setup.timeout.ms = 10000
	ssl.cipher.suites = null
	ssl.enabled.protocols = [TLSv1.2, TLSv1.3]
	ssl.endpoint.identification.algorithm = https
	ssl.engine.factory.class = null
	ssl.key.password = null
	ssl.keymanager.algorithm = SunX509
	ssl.keystore.certificate.chain = null
	ssl.keystore.key = null
	ssl.keystore.location = null
	ssl.keystore.password = null
	ssl.keystore.type = JKS
	ssl.protocol = TLSv1.3
	ssl.provider = null
	ssl.secure.random.implementation = null
	ssl.trustmanager.algorithm = PKIX
	ssl.truststore.certificates = null
	ssl.truststore.location = null
	ssl.truststore.password = null
	ssl.truststore.type = JKS
	value.deserializer = class org.apache.kafka.common.serialization.StringDeserializer

2023-02-13 14:51:54,108 [main] INFO  [org.apache.kafka.common.utils.AppInfoParser] AppInfoParser.java:119 - Kafka version: 3.3.1
2023-02-13 14:51:54,109 [main] INFO  [org.apache.kafka.common.utils.AppInfoParser] AppInfoParser.java:120 - Kafka commitId: e23c59d00e687ff5
2023-02-13 14:51:54,110 [main] INFO  [org.apache.kafka.common.utils.AppInfoParser] AppInfoParser.java:121 - Kafka startTimeMs: 1676271114106
2023-02-13 14:51:54,154 [main] INFO  [org.apache.kafka.clients.consumer.KafkaConsumer] KafkaConsumer.java:973 - [Consumer clientId=consumer-test-consumer-group-1, groupId=test-consumer-group] Subscribed to topic(s): wechat-events
2023-02-13 14:51:54,189 [main] INFO  [c.t.cloud.wechat.infrastructure.kafka.TestProducer] StartupInfoLogger.java:57 - Started TestProducer in 6.84 seconds (process running for 8.434)
2023-02-13 14:51:54,197 [main] INFO  [com.alibaba.nacos.client.config.impl.CacheData] CacheData.java:67 - nacos.cache.data.init.snapshot = true 
2023-02-13 14:51:54,198 [main] INFO  [com.alibaba.nacos.client.config.impl.ClientWorker] ClientWorker.java:379 - [fixed-nas.titxu.com_8848] [subscribe] titxu-wechat-server.yaml+DEFAULT_GROUP
2023-02-13 14:51:54,218 [main] INFO  [com.alibaba.nacos.client.config.impl.CacheData] CacheData.java:197 - [fixed-nas.titxu.com_8848] [add-listener] ok, tenant=, dataId=titxu-wechat-server.yaml, group=DEFAULT_GROUP, cnt=1
2023-02-13 14:51:54,219 [main] INFO  [c.a.cloud.nacos.refresh.NacosContextRefresher] NacosContextRefresher.java:129 - [Nacos Config] Listening config: dataId=titxu-wechat-server.yaml, group=DEFAULT_GROUP
2023-02-13 14:51:54,222 [main] INFO  [com.alibaba.nacos.client.config.impl.ClientWorker] ClientWorker.java:379 - [fixed-nas.titxu.com_8848] [subscribe] titxu-wechat-server+DEFAULT_GROUP
2023-02-13 14:51:54,223 [main] INFO  [com.alibaba.nacos.client.config.impl.CacheData] CacheData.java:197 - [fixed-nas.titxu.com_8848] [add-listener] ok, tenant=, dataId=titxu-wechat-server, group=DEFAULT_GROUP, cnt=1
2023-02-13 14:51:54,223 [main] INFO  [c.a.cloud.nacos.refresh.NacosContextRefresher] NacosContextRefresher.java:129 - [Nacos Config] Listening config: dataId=titxu-wechat-server, group=DEFAULT_GROUP
2023-02-13 14:51:54,662 [org.springframework.kafka.KafkaListenerEndpointContainer#0-0-C-1] INFO  [org.apache.kafka.clients.Metadata] Metadata.java:402 - [Consumer clientId=consumer-test-consumer-group-1, groupId=test-consumer-group] Resetting the last seen epoch of partition wechat-events-0 to 0 since the associated topicId changed from null to szuFvbHpTQSpOv8KSe1eZw
2023-02-13 14:51:54,669 [org.springframework.kafka.KafkaListenerEndpointContainer#0-0-C-1] INFO  [org.apache.kafka.clients.Metadata] Metadata.java:287 - [Consumer clientId=consumer-test-consumer-group-1, groupId=test-consumer-group] Cluster ID: sphLHE2bT0KWfLISelqKlw
2023-02-13 14:51:54,672 [org.springframework.kafka.KafkaListenerEndpointContainer#0-0-C-1] INFO  [o.a.k.c.consumer.internals.ConsumerCoordinator] AbstractCoordinator.java:900 - [Consumer clientId=consumer-test-consumer-group-1, groupId=test-consumer-group] Discovered group coordinator nas.titxu.com:9092 (id: 2147483646 rack: null)
2023-02-13 14:51:54,677 [org.springframework.kafka.KafkaListenerEndpointContainer#0-0-C-1] INFO  [o.a.k.c.consumer.internals.ConsumerCoordinator] AbstractCoordinator.java:566 - [Consumer clientId=consumer-test-consumer-group-1, groupId=test-consumer-group] (Re-)joining group
2023-02-13 14:51:54,716 [org.springframework.kafka.KafkaListenerEndpointContainer#0-0-C-1] INFO  [o.a.k.c.consumer.internals.ConsumerCoordinator] AbstractCoordinator.java:1066 - [Consumer clientId=consumer-test-consumer-group-1, groupId=test-consumer-group] Request joining group due to: need to re-join with the given member-id: consumer-test-consumer-group-1-4723f574-7a1f-4147-acc2-0f401e1d24e6
2023-02-13 14:51:54,716 [org.springframework.kafka.KafkaListenerEndpointContainer#0-0-C-1] INFO  [o.a.k.c.consumer.internals.ConsumerCoordinator] AbstractCoordinator.java:1066 - [Consumer clientId=consumer-test-consumer-group-1, groupId=test-consumer-group] Request joining group due to: rebalance failed due to 'The group member needs to have a valid member id before actually entering a consumer group.' (MemberIdRequiredException)
2023-02-13 14:51:54,717 [org.springframework.kafka.KafkaListenerEndpointContainer#0-0-C-1] INFO  [o.a.k.c.consumer.internals.ConsumerCoordinator] AbstractCoordinator.java:566 - [Consumer clientId=consumer-test-consumer-group-1, groupId=test-consumer-group] (Re-)joining group
2023-02-13 14:51:54,946 [main] INFO  [org.apache.kafka.clients.producer.ProducerConfig] ProducerConfig.java:526 - Idempotence will be disabled because acks is set to 1, not set to 'all'.
2023-02-13 14:51:54,947 [main] INFO  [org.apache.kafka.clients.producer.ProducerConfig] AbstractConfig.java:376 - ProducerConfig values: 
	acks = 1
	batch.size = 16384
	bootstrap.servers = [nas.titxu.com:9092]
	buffer.memory = 33554432
	client.dns.lookup = use_all_dns_ips
	client.id = producer-1
	compression.type = none
	connections.max.idle.ms = 540000
	delivery.timeout.ms = 120000
	enable.idempotence = false
	interceptor.classes = []
	key.serializer = class org.apache.kafka.common.serialization.StringSerializer
	linger.ms = 0
	max.block.ms = 60000
	max.in.flight.requests.per.connection = 5
	max.request.size = 1048576
	metadata.max.age.ms = 300000
	metadata.max.idle.ms = 300000
	metric.reporters = []
	metrics.num.samples = 2
	metrics.recording.level = INFO
	metrics.sample.window.ms = 30000
	partitioner.adaptive.partitioning.enable = true
	partitioner.availability.timeout.ms = 0
	partitioner.class = null
	partitioner.ignore.keys = false
	receive.buffer.bytes = 32768
	reconnect.backoff.max.ms = 1000
	reconnect.backoff.ms = 50
	request.timeout.ms = 30000
	retries = 1
	retry.backoff.ms = 100
	sasl.client.callback.handler.class = null
	sasl.jaas.config = null
	sasl.kerberos.kinit.cmd = /usr/bin/kinit
	sasl.kerberos.min.time.before.relogin = 60000
	sasl.kerberos.service.name = null
	sasl.kerberos.ticket.renew.jitter = 0.05
	sasl.kerberos.ticket.renew.window.factor = 0.8
	sasl.login.callback.handler.class = null
	sasl.login.class = null
	sasl.login.connect.timeout.ms = null
	sasl.login.read.timeout.ms = null
	sasl.login.refresh.buffer.seconds = 300
	sasl.login.refresh.min.period.seconds = 60
	sasl.login.refresh.window.factor = 0.8
	sasl.login.refresh.window.jitter = 0.05
	sasl.login.retry.backoff.max.ms = 10000
	sasl.login.retry.backoff.ms = 100
	sasl.mechanism = GSSAPI
	sasl.oauthbearer.clock.skew.seconds = 30
	sasl.oauthbearer.expected.audience = null
	sasl.oauthbearer.expected.issuer = null
	sasl.oauthbearer.jwks.endpoint.refresh.ms = 3600000
	sasl.oauthbearer.jwks.endpoint.retry.backoff.max.ms = 10000
	sasl.oauthbearer.jwks.endpoint.retry.backoff.ms = 100
	sasl.oauthbearer.jwks.endpoint.url = null
	sasl.oauthbearer.scope.claim.name = scope
	sasl.oauthbearer.sub.claim.name = sub
	sasl.oauthbearer.token.endpoint.url = null
	security.protocol = PLAINTEXT
	security.providers = null
	send.buffer.bytes = 131072
	socket.connection.setup.timeout.max.ms = 30000
	socket.connection.setup.timeout.ms = 10000
	ssl.cipher.suites = null
	ssl.enabled.protocols = [TLSv1.2, TLSv1.3]
	ssl.endpoint.identification.algorithm = https
	ssl.engine.factory.class = null
	ssl.key.password = null
	ssl.keymanager.algorithm = SunX509
	ssl.keystore.certificate.chain = null
	ssl.keystore.key = null
	ssl.keystore.location = null
	ssl.keystore.password = null
	ssl.keystore.type = JKS
	ssl.protocol = TLSv1.3
	ssl.provider = null
	ssl.secure.random.implementation = null
	ssl.trustmanager.algorithm = PKIX
	ssl.truststore.certificates = null
	ssl.truststore.location = null
	ssl.truststore.password = null
	ssl.truststore.type = JKS
	transaction.timeout.ms = 60000
	transactional.id = null
	value.serializer = class org.apache.kafka.common.serialization.StringSerializer

2023-02-13 14:51:54,970 [main] INFO  [org.apache.kafka.common.utils.AppInfoParser] AppInfoParser.java:119 - Kafka version: 3.3.1
2023-02-13 14:51:54,973 [main] INFO  [org.apache.kafka.common.utils.AppInfoParser] AppInfoParser.java:120 - Kafka commitId: e23c59d00e687ff5
2023-02-13 14:51:54,973 [main] INFO  [org.apache.kafka.common.utils.AppInfoParser] AppInfoParser.java:121 - Kafka startTimeMs: 1676271114970
2023-02-13 14:51:54,988 [kafka-producer-network-thread | producer-1] INFO  [org.apache.kafka.clients.Metadata] Metadata.java:287 - [Producer clientId=producer-1] Cluster ID: sphLHE2bT0KWfLISelqKlw
2023-02-13 14:51:55,005 [kafka-producer-network-thread | producer-1] INFO  [org.apache.kafka.clients.Metadata] Metadata.java:402 - [Producer clientId=producer-1] Resetting the last seen epoch of partition wechat-events-0 to 0 since the associated topicId changed from null to szuFvbHpTQSpOv8KSe1eZw
2023-02-13 14:51:55,070 [main] INFO  [c.t.cloud.wechat.infrastructure.kafka.TestProducer] TestProducer.java:24 - 发送成功SendResult [producerRecord=ProducerRecord(topic=wechat-events, partition=null, headers=RecordHeaders(headers = [], isReadOnly = true), key=null, value=test msg, timestamp=null), recordMetadata=wechat-events-0@0]
2023-02-13 14:51:55,107 [Thread-1] WARN  [c.alibaba.nacos.common.http.HttpClientBeanHolder] HttpClientBeanHolder.java:102 - [HttpClientBeanHolder] Start destroying common HttpClient
2023-02-13 14:51:55,107 [Thread-1] WARN  [c.alibaba.nacos.common.http.HttpClientBeanHolder] HttpClientBeanHolder.java:111 - [HttpClientBeanHolder] Destruction of the end
2023-02-13 14:51:55,107 [Thread-7] WARN  [com.alibaba.nacos.common.notify.NotifyCenter] NotifyCenter.java:136 - [NotifyCenter] Start destroying Publisher
2023-02-13 14:51:55,108 [Thread-7] WARN  [com.alibaba.nacos.common.notify.NotifyCenter] NotifyCenter.java:153 - [NotifyCenter] Destruction of the end
2023-02-13 14:51:55,115 [org.springframework.kafka.KafkaListenerEndpointContainer#0-0-C-1] INFO  [o.a.k.c.consumer.internals.ConsumerCoordinator] AbstractCoordinator.java:1127 - [Consumer clientId=consumer-test-consumer-group-1, groupId=test-consumer-group] Member consumer-test-consumer-group-1-4723f574-7a1f-4147-acc2-0f401e1d24e6 sending LeaveGroup request to coordinator nas.titxu.com:9092 (id: 2147483646 rack: null) due to the consumer unsubscribed from all topics
2023-02-13 14:51:55,118 [org.springframework.kafka.KafkaListenerEndpointContainer#0-0-C-1] INFO  [o.a.k.c.consumer.internals.ConsumerCoordinator] AbstractCoordinator.java:1019 - [Consumer clientId=consumer-test-consumer-group-1, groupId=test-consumer-group] Resetting generation and member id due to: consumer pro-actively leaving the group
2023-02-13 14:51:55,118 [org.springframework.kafka.KafkaListenerEndpointContainer#0-0-C-1] INFO  [o.a.k.c.consumer.internals.ConsumerCoordinator] AbstractCoordinator.java:1066 - [Consumer clientId=consumer-test-consumer-group-1, groupId=test-consumer-group] Request joining group due to: consumer pro-actively leaving the group
2023-02-13 14:51:55,118 [org.springframework.kafka.KafkaListenerEndpointContainer#0-0-C-1] INFO  [org.apache.kafka.clients.consumer.KafkaConsumer] KafkaConsumer.java:1082 - [Consumer clientId=consumer-test-consumer-group-1, groupId=test-consumer-group] Unsubscribed all topics or patterns and assigned partitions
2023-02-13 14:51:55,121 [org.springframework.kafka.KafkaListenerEndpointContainer#0-0-C-1] INFO  [o.a.k.c.consumer.internals.ConsumerCoordinator] AbstractCoordinator.java:1019 - [Consumer clientId=consumer-test-consumer-group-1, groupId=test-consumer-group] Resetting generation and member id due to: consumer pro-actively leaving the group
2023-02-13 14:51:55,122 [org.springframework.kafka.KafkaListenerEndpointContainer#0-0-C-1] INFO  [o.a.k.c.consumer.internals.ConsumerCoordinator] AbstractCoordinator.java:1066 - [Consumer clientId=consumer-test-consumer-group-1, groupId=test-consumer-group] Request joining group due to: consumer pro-actively leaving the group
2023-02-13 14:51:57,685 [org.springframework.kafka.KafkaListenerEndpointContainer#0-0-C-1] INFO  [org.apache.kafka.common.metrics.Metrics] Metrics.java:693 - Metrics scheduler closed
2023-02-13 14:51:57,686 [org.springframework.kafka.KafkaListenerEndpointContainer#0-0-C-1] INFO  [org.apache.kafka.common.metrics.Metrics] Metrics.java:697 - Closing reporter org.apache.kafka.common.metrics.JmxReporter
2023-02-13 14:51:57,686 [org.springframework.kafka.KafkaListenerEndpointContainer#0-0-C-1] INFO  [org.apache.kafka.common.metrics.Metrics] Metrics.java:703 - Metrics reporters closed
2023-02-13 14:51:57,702 [org.springframework.kafka.KafkaListenerEndpointContainer#0-0-C-1] INFO  [org.apache.kafka.common.utils.AppInfoParser] AppInfoParser.java:83 - App info kafka.consumer for consumer-test-consumer-group-1 unregistered
2023-02-13 14:51:57,704 [org.springframework.kafka.KafkaListenerEndpointContainer#0-0-C-1] INFO  [o.s.kafka.listener.KafkaMessageListenerContainer] LogAccessor.java:292 - test-consumer-group: Consumer stopped
2023-02-13 14:51:57,710 [SpringApplicationShutdownHook] INFO  [org.apache.kafka.clients.producer.KafkaProducer] KafkaProducer.java:1297 - [Producer clientId=producer-1] Closing the Kafka producer with timeoutMillis = 30000 ms.
2023-02-13 14:51:57,715 [SpringApplicationShutdownHook] INFO  [org.apache.kafka.common.metrics.Metrics] Metrics.java:693 - Metrics scheduler closed
2023-02-13 14:51:57,716 [SpringApplicationShutdownHook] INFO  [org.apache.kafka.common.metrics.Metrics] Metrics.java:697 - Closing reporter org.apache.kafka.common.metrics.JmxReporter
2023-02-13 14:51:57,716 [SpringApplicationShutdownHook] INFO  [org.apache.kafka.common.metrics.Metrics] Metrics.java:703 - Metrics reporters closed
2023-02-13 14:51:57,717 [SpringApplicationShutdownHook] INFO  [org.apache.kafka.common.utils.AppInfoParser] AppInfoParser.java:83 - App info kafka.producer for producer-1 unregistered
